0 info it worked if it ends with ok
1 verbose cli [ 'C:\\Program Files\\nodejs\\node.exe',
1 verbose cli   'C:\\Program Files\\nodejs\\node_modules\\npm\\bin\\npm-cli.js',
1 verbose cli   'install',
1 verbose cli   '-g',
1 verbose cli   'bower' ]
2 info using npm@2.15.1
3 info using node@v4.4.4
4 verbose install initial load of C:\Users\Anil Kumar\AppData\Roaming\npm\package.json
5 verbose readDependencies loading dependencies from C:\Users\Anil Kumar\AppData\Roaming\npm\package.json
6 silly cache add args [ 'bower', null ]
7 verbose cache add spec bower
8 silly cache add parsed spec Result {
8 silly cache add   raw: 'bower',
8 silly cache add   scope: null,
8 silly cache add   name: 'bower',
8 silly cache add   rawSpec: '',
8 silly cache add   spec: 'latest',
8 silly cache add   type: 'tag' }
9 silly addNamed bower@latest
10 verbose addNamed "latest" is being treated as a dist-tag for bower
11 info addNameTag [ 'bower', 'latest' ]
12 silly mapToRegistry name bower
13 silly mapToRegistry using default registry
14 silly mapToRegistry registry https://registry.npmjs.org/
15 silly mapToRegistry data Result {
15 silly mapToRegistry   raw: 'bower',
15 silly mapToRegistry   scope: null,
15 silly mapToRegistry   name: 'bower',
15 silly mapToRegistry   rawSpec: '',
15 silly mapToRegistry   spec: 'latest',
15 silly mapToRegistry   type: 'tag' }
16 silly mapToRegistry uri https://registry.npmjs.org/bower
17 verbose addNameTag registry:https://registry.npmjs.org/bower not in flight; fetching
18 verbose request uri https://registry.npmjs.org/bower
19 verbose request no auth needed
20 info attempt registry request try #1 at 11:27:00 AM
21 verbose request id e00bdfcc37f77dbf
22 verbose etag W/"590ccf39-2b044"
23 verbose lastModified Fri, 05 May 2017 19:15:05 GMT
24 http request GET https://registry.npmjs.org/bower
25 http 304 https://registry.npmjs.org/bower
26 verbose headers { date: 'Sat, 06 May 2017 11:26:59 GMT',
26 verbose headers   via: '1.1 varnish',
26 verbose headers   'cache-control': 'max-age=300',
26 verbose headers   etag: 'W/"590ccf39-2b044"',
26 verbose headers   age: '86',
26 verbose headers   connection: 'keep-alive',
26 verbose headers   'x-served-by': 'cache-ams4151-AMS',
26 verbose headers   'x-cache': 'HIT',
26 verbose headers   'x-cache-hits': '1',
26 verbose headers   'x-timer': 'S1494070019.026709,VS0,VE1',
26 verbose headers   vary: 'Accept-Encoding' }
27 silly get cb [ 304,
27 silly get   { date: 'Sat, 06 May 2017 11:26:59 GMT',
27 silly get     via: '1.1 varnish',
27 silly get     'cache-control': 'max-age=300',
27 silly get     etag: 'W/"590ccf39-2b044"',
27 silly get     age: '86',
27 silly get     connection: 'keep-alive',
27 silly get     'x-served-by': 'cache-ams4151-AMS',
27 silly get     'x-cache': 'HIT',
27 silly get     'x-cache-hits': '1',
27 silly get     'x-timer': 'S1494070019.026709,VS0,VE1',
27 silly get     vary: 'Accept-Encoding' } ]
28 verbose etag https://registry.npmjs.org/bower from cache
29 verbose get saving bower to C:\Users\Anil Kumar\AppData\Roaming\npm-cache\registry.npmjs.org\bower\.cache.json
30 verbose correctMkdir C:\Users\Anil Kumar\AppData\Roaming\npm-cache correctMkdir not in flight; initializing
31 silly addNameTag next cb for bower with tag latest
32 silly addNamed bower@1.8.0
33 verbose addNamed "1.8.0" is a plain semver version for bower
34 silly cache afterAdd bower@1.8.0
35 verbose afterAdd C:\Users\Anil Kumar\AppData\Roaming\npm-cache\bower\1.8.0\package\package.json not in flight; writing
36 verbose correctMkdir C:\Users\Anil Kumar\AppData\Roaming\npm-cache correctMkdir not in flight; initializing
37 verbose afterAdd C:\Users\Anil Kumar\AppData\Roaming\npm-cache\bower\1.8.0\package\package.json written
38 silly install resolved [ { name: 'bower',
38 silly install resolved     version: '1.8.0',
38 silly install resolved     description: 'The browser package manager',
38 silly install resolved     author: { name: 'Twitter' },
38 silly install resolved     license: 'MIT',
38 silly install resolved     repository: { type: 'git', url: 'git+https://github.com/bower/bower.git' },
38 silly install resolved     main: 'lib',
38 silly install resolved     bin: { bower: 'bin/bower' },
38 silly install resolved     homepage: 'http://bower.io',
38 silly install resolved     engines: { node: '>=0.10.0' },
38 silly install resolved     keywords: [ 'bower' ],
38 silly install resolved     files: [ 'bin', 'lib' ],
38 silly install resolved     bugs: { url: 'https://github.com/bower/bower/issues' },
38 silly install resolved     _id: 'bower@1.8.0',
38 silly install resolved     scripts: {},
38 silly install resolved     _shasum: '55dbebef0ad9155382d9e9d3e497c1372345b44a',
38 silly install resolved     _from: 'bower@latest',
38 silly install resolved     _npmVersion: '3.10.9',
38 silly install resolved     _nodeVersion: '4.4.6',
38 silly install resolved     _npmUser: { name: 'sheerun', email: 'sheerun@sher.pl' },
38 silly install resolved     dist:
38 silly install resolved      { shasum: '55dbebef0ad9155382d9e9d3e497c1372345b44a',
38 silly install resolved        tarball: 'https://registry.npmjs.org/bower/-/bower-1.8.0.tgz' },
38 silly install resolved     maintainers:
38 silly install resolved      [ [Object],
38 silly install resolved        [Object],
38 silly install resolved        [Object],
38 silly install resolved        [Object],
38 silly install resolved        [Object],
38 silly install resolved        [Object],
38 silly install resolved        [Object] ],
38 silly install resolved     _npmOperationalInternal:
38 silly install resolved      { host: 'packages-18-east.internal.npmjs.com',
38 silly install resolved        tmp: 'tmp/bower-1.8.0.tgz_1478512918020_0.7136248126626015' },
38 silly install resolved     directories: {},
38 silly install resolved     _resolved: 'https://registry.npmjs.org/bower/-/bower-1.8.0.tgz',
38 silly install resolved     readme: 'ERROR: No README data found!' } ]
39 info install bower@1.8.0 into C:\Users\Anil Kumar\AppData\Roaming\npm
40 info installOne bower@1.8.0
41 verbose installOne of bower to C:\Users\Anil Kumar\AppData\Roaming\npm not in flight; installing
42 verbose correctMkdir C:\Users\Anil Kumar\AppData\Roaming\npm-cache\_locks correctMkdir not in flight; initializing
43 verbose lock using C:\Users\Anil Kumar\AppData\Roaming\npm-cache\_locks\bower-36cf74487b53b16d.lock for C:\Users\Anil Kumar\AppData\Roaming\npm\node_modules\bower
44 silly install write writing bower 1.8.0 to C:\Users\Anil Kumar\AppData\Roaming\npm\node_modules\bower
45 verbose unbuild node_modules\bower
46 info preuninstall bower@1.8.0
47 info uninstall bower@1.8.0
48 verbose unbuild rmStuff bower@1.8.0 from C:\Users\Anil Kumar\AppData\Roaming\npm\node_modules
49 silly gentlyRm C:\Users\Anil Kumar\AppData\Roaming\npm\bower.cmd is being gently removed
50 silly gentlyRm verifying C:\Users\Anil Kumar\AppData\Roaming\npm is an npm working directory
51 silly gentlyRm containing path C:\Users\Anil Kumar\AppData\Roaming\npm is under npm's control, in C:\Users\Anil Kumar\AppData\Roaming\npm
52 silly gentlyRm deletion target C:\Users\Anil Kumar\AppData\Roaming\npm\bower.cmd is under C:\Users\Anil Kumar\AppData\Roaming\npm
53 verbose gentlyRm vacuuming from C:\Users\Anil Kumar\AppData\Roaming\npm\bower.cmd up to C:\Users\Anil Kumar\AppData\Roaming\npm
54 silly gentlyRm C:\Users\Anil Kumar\AppData\Roaming\npm\bower is being gently removed
55 silly gentlyRm verifying C:\Users\Anil Kumar\AppData\Roaming\npm is an npm working directory
56 silly gentlyRm containing path C:\Users\Anil Kumar\AppData\Roaming\npm is under npm's control, in C:\Users\Anil Kumar\AppData\Roaming\npm
57 silly gentlyRm deletion target C:\Users\Anil Kumar\AppData\Roaming\npm\bower is under C:\Users\Anil Kumar\AppData\Roaming\npm
58 verbose gentlyRm vacuuming from C:\Users\Anil Kumar\AppData\Roaming\npm\bower up to C:\Users\Anil Kumar\AppData\Roaming\npm
59 info postuninstall bower@1.8.0
60 silly gentlyRm C:\Users\Anil Kumar\AppData\Roaming\npm\node_modules\bower is being purged from base C:\Users\Anil Kumar\AppData\Roaming\npm
61 verbose gentlyRm don't care about contents; nuking C:\Users\Anil Kumar\AppData\Roaming\npm\node_modules\bower
62 silly vacuum-fs purging C:\Users\Anil Kumar\AppData\Roaming\npm\node_modules\bower
63 silly vacuum-fs quitting because other entries in C:\Users\Anil Kumar\AppData\Roaming\npm\node_modules
64 verbose tar unpack C:\Users\Anil Kumar\AppData\Roaming\npm-cache\bower\1.8.0\package.tgz
65 verbose tar unpacking to C:\Users\Anil Kumar\AppData\Roaming\npm\node_modules\bower
66 silly gentlyRm C:\Users\Anil Kumar\AppData\Roaming\npm\node_modules\bower is being purged
67 verbose gentlyRm don't care about contents; nuking C:\Users\Anil Kumar\AppData\Roaming\npm\node_modules\bower
68 silly gunzTarPerm modes [ '777', '666' ]
69 silly gunzTarPerm extractEntry package.json
70 silly gunzTarPerm modified mode [ 'package.json', 420, 438 ]
71 silly gunzTarPerm extractEntry README.md
72 silly gunzTarPerm modified mode [ 'README.md', 420, 438 ]
73 silly gunzTarPerm extractEntry LICENSE
74 silly gunzTarPerm modified mode [ 'LICENSE', 420, 438 ]
75 silly gunzTarPerm extractEntry CHANGELOG.md
76 silly gunzTarPerm modified mode [ 'CHANGELOG.md', 420, 438 ]
77 silly gunzTarPerm extractEntry bin/bower
78 silly gunzTarPerm modified mode [ 'bin/bower', 493, 511 ]
79 silly gunzTarPerm extractEntry lib/config.js
80 silly gunzTarPerm modified mode [ 'lib/config.js', 420, 438 ]
81 silly gunzTarPerm extractEntry lib/index.js
82 silly gunzTarPerm modified mode [ 'lib/index.js', 420, 438 ]
83 silly gunzTarPerm extractEntry lib/version.js
84 silly gunzTarPerm modified mode [ 'lib/version.js', 420, 438 ]
85 silly gunzTarPerm extractEntry lib/bin/bower.js
86 silly gunzTarPerm modified mode [ 'lib/bin/bower.js', 420, 438 ]
87 silly gunzTarPerm extractEntry lib/commands/version.js
88 silly gunzTarPerm modified mode [ 'lib/commands/version.js', 420, 438 ]
89 silly gunzTarPerm extractEntry lib/commands/init.js
90 silly gunzTarPerm modified mode [ 'lib/commands/init.js', 420, 438 ]
91 silly gunzTarPerm extractEntry lib/commands/install.js
92 silly gunzTarPerm modified mode [ 'lib/commands/install.js', 420, 438 ]
93 silly gunzTarPerm extractEntry lib/commands/link.js
94 silly gunzTarPerm modified mode [ 'lib/commands/link.js', 420, 438 ]
95 silly gunzTarPerm extractEntry lib/commands/list.js
96 silly gunzTarPerm modified mode [ 'lib/commands/list.js', 420, 438 ]
97 silly gunzTarPerm extractEntry lib/commands/info.js
98 silly gunzTarPerm modified mode [ 'lib/commands/info.js', 420, 438 ]
99 silly gunzTarPerm extractEntry lib/commands/lookup.js
100 silly gunzTarPerm modified mode [ 'lib/commands/lookup.js', 420, 438 ]
101 silly gunzTarPerm extractEntry lib/commands/prune.js
102 silly gunzTarPerm modified mode [ 'lib/commands/prune.js', 420, 438 ]
103 silly gunzTarPerm extractEntry lib/commands/register.js
104 silly gunzTarPerm modified mode [ 'lib/commands/register.js', 420, 438 ]
105 silly gunzTarPerm extractEntry lib/commands/search.js
106 silly gunzTarPerm modified mode [ 'lib/commands/search.js', 420, 438 ]
107 silly gunzTarPerm extractEntry lib/commands/uninstall.js
108 silly gunzTarPerm modified mode [ 'lib/commands/uninstall.js', 420, 438 ]
109 silly gunzTarPerm extractEntry lib/commands/index.js
110 silly gunzTarPerm modified mode [ 'lib/commands/index.js', 420, 438 ]
111 silly gunzTarPerm extractEntry lib/commands/unregister.js
112 silly gunzTarPerm modified mode [ 'lib/commands/unregister.js', 420, 438 ]
113 silly gunzTarPerm extractEntry lib/commands/home.js
114 silly gunzTarPerm modified mode [ 'lib/commands/home.js', 420, 438 ]
115 silly gunzTarPerm extractEntry lib/commands/update.js
116 silly gunzTarPerm modified mode [ 'lib/commands/update.js', 420, 438 ]
117 silly gunzTarPerm extractEntry lib/commands/help.js
118 silly gunzTarPerm modified mode [ 'lib/commands/help.js', 420, 438 ]
119 silly gunzTarPerm extractEntry lib/commands/login.js
120 silly gunzTarPerm modified mode [ 'lib/commands/login.js', 420, 438 ]
121 error tar.unpack untar error C:\Users\Anil Kumar\AppData\Roaming\npm-cache\bower\1.8.0\package.tgz
122 verbose unlock done using C:\Users\Anil Kumar\AppData\Roaming\npm-cache\_locks\bower-36cf74487b53b16d.lock for C:\Users\Anil Kumar\AppData\Roaming\npm\node_modules\bower
123 verbose fstream_path C:\Users\Anil Kumar\AppData\Roaming\npm\node_modules\bower\lib\commands\install.js
124 verbose fstream_type File
125 verbose fstream_class FileWriter
126 verbose stack Error: EEXIST: file already exists, mkdir 'C:\Users\Anil Kumar\AppData\Roaming\npm\node_modules\bower\lib\commands'
126 verbose stack     at Error (native)
127 verbose fstream_stack C:\Program Files\nodejs\node_modules\npm\node_modules\fstream\lib\writer.js:171:25
127 verbose fstream_stack C:\Program Files\nodejs\node_modules\npm\node_modules\mkdirp\index.js:47:53
127 verbose fstream_stack FSReqWrap.oncomplete (fs.js:82:15)
128 verbose cwd E:\vikram\FOT(back)\html\js\controllers
129 error Windows_NT 6.1.7601
130 error argv "C:\\Program Files\\nodejs\\node.exe" "C:\\Program Files\\nodejs\\node_modules\\npm\\bin\\npm-cli.js" "install" "-g" "bower"
131 error node v4.4.4
132 error npm  v2.15.1
133 error path C:\Users\Anil Kumar\AppData\Roaming\npm\node_modules\bower\lib\commands
134 error code EEXIST
135 error errno -4075
136 error syscall mkdir
137 error EEXIST: file already exists, mkdir 'C:\Users\Anil Kumar\AppData\Roaming\npm\node_modules\bower\lib\commands'
File exists: C:\Users\Anil Kumar\AppData\Roaming\npm\node_modules\bower\lib\commands
Move it away, and try again.
138 verbose exit [ -4075, true ]
139 verbose unbuild node_modules\bower
140 silly gentlyRm C:\Users\Anil Kumar\AppData\Roaming\npm\node_modules\bower is being purged from base C:\Users\Anil Kumar\AppData\Roaming\npm
141 verbose gentlyRm don't care about contents; nuking C:\Users\Anil Kumar\AppData\Roaming\npm\node_modules\bower
